<?xml version="1.0" encoding="UTF-8"?>
<!-- Generated by org.testng.reporters.JUnitXMLReporter -->
<testsuite ignored="0" hostname="DESKTOP-UFHC3S3" failures="0" tests="4" name="Default test" time="12.101" errors="0" timestamp="2026-05-12T23:43:07 IST">
  <testcase classname="api.test.UserTest" name="testPostUser" time="4.982"/>
  <testcase classname="api.test.UserTest" name="testGetUser" time="1.662"/>
  <testcase classname="api.test.UserTest" name="testUpdateUser" time="1.682"/>
  <testcase classname="api.test.UserTest" name="testDeleteUser" time="3.319"/>
</testsuite> <!-- Default test -->
