<?xml version="1.0" encoding="UTF-8"?>
<!-- Generated by org.testng.reporters.JUnitXMLReporter -->
<testsuite ignored="0" hostname="DESKTOP-UFHC3S3" failures="0" tests="9" name="Test" time="30.403" errors="0" timestamp="2026-05-13T01:10:43 IST">
  <testcase classname="api.test.DDTests" name="testPostuser" time="7.907"/>
  <testcase classname="api.test.DDTests" name="testPostuser" time="1.956"/>
  <testcase classname="api.test.DDTests" name="testPostuser" time="1.867"/>
  <testcase classname="api.test.DDTests" name="testGetUserByName" time="1.861"/>
  <testcase classname="api.test.DDTests" name="testGetUserByName" time="1.712"/>
  <testcase classname="api.test.DDTests" name="testGetUserByName" time="1.689"/>
  <testcase classname="api.test.DDTests" name="testDeleteUserByName" time="1.662"/>
  <testcase classname="api.test.DDTests" name="testDeleteUserByName" time="2.008"/>
  <testcase classname="api.test.DDTests" name="testDeleteUserByName" time="1.905"/>
</testsuite> <!-- Test -->
