<?xml version="1.0" encoding="UTF-8"?>
<!-- Generated by org.testng.reporters.JUnitReportReporter -->
<testsuite hostname="DESKTOP-UFHC3S3" failures="0" tests="9" name="api.test.DDTests" time="22.567" errors="0" timestamp="2026-05-13T01:10:43 IST" skipped="0">
  <testcase classname="api.test.DDTests" name="testPostuser" time="1.867"/>
  <testcase classname="api.test.DDTests" name="testPostuser" time="7.907"/>
  <testcase classname="api.test.DDTests" name="testPostuser" time="1.956"/>
  <testcase classname="api.test.DDTests" name="testGetUserByName" time="1.861"/>
  <testcase classname="api.test.DDTests" name="testGetUserByName" time="1.712"/>
  <testcase classname="api.test.DDTests" name="testGetUserByName" time="1.689"/>
  <testcase classname="api.test.DDTests" name="testDeleteUserByName" time="1.662"/>
  <testcase classname="api.test.DDTests" name="testDeleteUserByName" time="1.905"/>
  <testcase classname="api.test.DDTests" name="testDeleteUserByName" time="2.008"/>
</testsuite> <!-- api.test.DDTests -->
