<?xml version="1.0" encoding="UTF-8"?>
<!-- Generated by org.testng.reporters.JUnitReportReporter -->
<testsuite hostname="DESKTOP-UFHC3S3" failures="0" tests="4" name="api.test.UserTest" time="11.645" errors="0" timestamp="2026-05-12T23:43:07 IST" skipped="0">
  <testcase classname="api.test.UserTest" name="testPostUser" time="4.982"/>
  <testcase classname="api.test.UserTest" name="testGetUser" time="1.662"/>
  <testcase classname="api.test.UserTest" name="testUpdateUser" time="1.682"/>
  <testcase classname="api.test.UserTest" name="testDeleteUser" time="3.319"/>
</testsuite> <!-- api.test.UserTest -->
